  Geri y├╝klenecek projeler belirleniyor...
  Geri y├╝kleme i├ğin t├╝m projeler g├╝ncel.
  Fuzz.Domain -> C:\Users\sarib\Desktop\HakanCalismalar\Blazor\AgentTest\FuzzProject\Fuzz.Domain\bin\Debug\net10.0\Fuzz.Domain.dll
  Fuzz.Web.Client -> C:\Users\sarib\Desktop\HakanCalismalar\Blazor\AgentTest\FuzzProject\Fuzz.Web.Client\bin\Debug\net10.0\Fuzz.Web.Client.dll
  Fuzz.Web.Client (Blazor output) -> C:\Users\sarib\Desktop\HakanCalismalar\Blazor\AgentTest\FuzzProject\Fuzz.Web.Client\bin\Debug\net10.0\wwwroot
C:\Users\sarib\Desktop\HakanCalismalar\Blazor\AgentTest\FuzzProject\Fuzz.Web\Components\Account\Pages\Login.razor(18,5): warning RZ10012: Found markup element with unexpected name 'MudStaticPaper'. If this is intended to be a component, add a @using directive for its namespace. [C:\Users\sarib\Desktop\HakanCalismalar\Blazor\AgentTest\FuzzProject\Fuzz.Web\Fuzz.Web.csproj]
C:\Users\sarib\Desktop\HakanCalismalar\Blazor\AgentTest\FuzzProject\Fuzz.Web\Components\Account\Pages\Register.razor(22,5): warning RZ10012: Found markup element with unexpected name 'MudStaticPaper'. If this is intended to be a component, add a @using directive for its namespace. [C:\Users\sarib\Desktop\HakanCalismalar\Blazor\AgentTest\FuzzProject\Fuzz.Web\Fuzz.Web.csproj]
C:\Users\sarib\Desktop\HakanCalismalar\Blazor\AgentTest\FuzzProject\Fuzz.Web\Components\Pages\Settings.razor(107,41): error CS1061: 'FuzzDbContext' bir 'Keys' tan─▒m─▒ i├ğermiyor ve 'FuzzDbContext' t├╝r├╝nde bir ilk ba─ş─▒ms─▒z de─şi┼şken kabul eden hi├ğbir eri┼şilebilir 'Keys' geni┼şletme y├Ântemi bulunamad─▒ (bir kullanma y├Ânergeniz veya derleme ba┼şvurunuz eksik olabilir mi?) [C:\Users\sarib\Desktop\HakanCalismalar\Blazor\AgentTest\FuzzProject\Fuzz.Web\Fuzz.Web.csproj]
C:\Users\sarib\Desktop\HakanCalismalar\Blazor\AgentTest\FuzzProject\Fuzz.Web\Components\Pages\Settings.razor(128,37): error CS1061: 'FuzzDbContext' bir 'Keys' tan─▒m─▒ i├ğermiyor ve 'FuzzDbContext' t├╝r├╝nde bir ilk ba─ş─▒ms─▒z de─şi┼şken kabul eden hi├ğbir eri┼şilebilir 'Keys' geni┼şletme y├Ântemi bulunamad─▒ (bir kullanma y├Ânergeniz veya derleme ba┼şvurunuz eksik olabilir mi?) [C:\Users\sarib\Desktop\HakanCalismalar\Blazor\AgentTest\FuzzProject\Fuzz.Web\Fuzz.Web.csproj]
C:\Users\sarib\Desktop\HakanCalismalar\Blazor\AgentTest\FuzzProject\Fuzz.Web\Components\Pages\Settings.razor(132,20): error CS1061: 'FuzzDbContext' bir 'Keys' tan─▒m─▒ i├ğermiyor ve 'FuzzDbContext' t├╝r├╝nde bir ilk ba─ş─▒ms─▒z de─şi┼şken kabul eden hi├ğbir eri┼şilebilir 'Keys' geni┼şletme y├Ântemi bulunamad─▒ (bir kullanma y├Ânergeniz veya derleme ba┼şvurunuz eksik olabilir mi?) [C:\Users\sarib\Desktop\HakanCalismalar\Blazor\AgentTest\FuzzProject\Fuzz.Web\Fuzz.Web.csproj]

Olu┼şturma BA┼ŞARISIZ OLDU.

C:\Users\sarib\Desktop\HakanCalismalar\Blazor\AgentTest\FuzzProject\Fuzz.Web\Components\Account\Pages\Login.razor(18,5): warning RZ10012: Found markup element with unexpected name 'MudStaticPaper'. If this is intended to be a component, add a @using directive for its namespace. [C:\Users\sarib\Desktop\HakanCalismalar\Blazor\AgentTest\FuzzProject\Fuzz.Web\Fuzz.Web.csproj]
C:\Users\sarib\Desktop\HakanCalismalar\Blazor\AgentTest\FuzzProject\Fuzz.Web\Components\Account\Pages\Register.razor(22,5): warning RZ10012: Found markup element with unexpected name 'MudStaticPaper'. If this is intended to be a component, add a @using directive for its namespace. [C:\Users\sarib\Desktop\HakanCalismalar\Blazor\AgentTest\FuzzProject\Fuzz.Web\Fuzz.Web.csproj]
C:\Users\sarib\Desktop\HakanCalismalar\Blazor\AgentTest\FuzzProject\Fuzz.Web\Components\Pages\Settings.razor(107,41): error CS1061: 'FuzzDbContext' bir 'Keys' tan─▒m─▒ i├ğermiyor ve 'FuzzDbContext' t├╝r├╝nde bir ilk ba─ş─▒ms─▒z de─şi┼şken kabul eden hi├ğbir eri┼şilebilir 'Keys' geni┼şletme y├Ântemi bulunamad─▒ (bir kullanma y├Ânergeniz veya derleme ba┼şvurunuz eksik olabilir mi?) [C:\Users\sarib\Desktop\HakanCalismalar\Blazor\AgentTest\FuzzProject\Fuzz.Web\Fuzz.Web.csproj]
C:\Users\sarib\Desktop\HakanCalismalar\Blazor\AgentTest\FuzzProject\Fuzz.Web\Components\Pages\Settings.razor(128,37): error CS1061: 'FuzzDbContext' bir 'Keys' tan─▒m─▒ i├ğermiyor ve 'FuzzDbContext' t├╝r├╝nde bir ilk ba─ş─▒ms─▒z de─şi┼şken kabul eden hi├ğbir eri┼şilebilir 'Keys' geni┼şletme y├Ântemi bulunamad─▒ (bir kullanma y├Ânergeniz veya derleme ba┼şvurunuz eksik olabilir mi?) [C:\Users\sarib\Desktop\HakanCalismalar\Blazor\AgentTest\FuzzProject\Fuzz.Web\Fuzz.Web.csproj]
C:\Users\sarib\Desktop\HakanCalismalar\Blazor\AgentTest\FuzzProject\Fuzz.Web\Components\Pages\Settings.razor(132,20): error CS1061: 'FuzzDbContext' bir 'Keys' tan─▒m─▒ i├ğermiyor ve 'FuzzDbContext' t├╝r├╝nde bir ilk ba─ş─▒ms─▒z de─şi┼şken kabul eden hi├ğbir eri┼şilebilir 'Keys' geni┼şletme y├Ântemi bulunamad─▒ (bir kullanma y├Ânergeniz veya derleme ba┼şvurunuz eksik olabilir mi?) [C:\Users\sarib\Desktop\HakanCalismalar\Blazor\AgentTest\FuzzProject\Fuzz.Web\Fuzz.Web.csproj]
    2 Uyar─▒
    3 Hata

Ge├ğen S├╝re 00:00:02.34
